C:\lscc\radiant\2025.1\synpbase\bin64\c_hdl.exe  -osyn  C:\Users\mayut\source\e155\e155-lab3-2\impl_1\synwork\test_impl_1_comp.srs  -top  lab3_mt  -hdllog  C:\Users\mayut\source\e155\e155-lab3-2\impl_1\synlog\test_impl_1_compiler.srr  -encrypt  -mp  4  -verification_mode 0  -vhdl  -prodtype  synplify_pro  -primux -fixsmult -infer_seqShift -sdff_counter -nram -divnmod -nostructver  -lattice -ice  -encrypt  -pro  -dmgen  C:\Users\mayut\source\e155\e155-lab3-2\impl_1\dm  -lite -ui -fid2 -ram -sharing on -ll 2000 -autosm  -work_is_curlib 0  -ignore_undefined_lib  -lib pmi C:\lscc\radiant\2025.1\ip\pmi\pmi_iCE40UP.vhd  -verilog  -prodtype  synplify_pro  -primux -fixsmult -infer_seqShift -sdff_counter -nram -divnmod -nostructver  -lattice -ice   -I C:\Users\mayut\source\e155\e155-lab3-2  -I C:\Users\mayut\source\e155\e155-lab3-2\impl_1\  -I C:\lscc\radiant\2025.1\synpbase\lib   -v2001  -devicelib  C:\lscc\radiant\2025.1\synpbase\lib\generic\ice40up.v  -encrypt  -pro  -dmgen  C:\Users\mayut\source\e155\e155-lab3-2\impl_1\dm  -ui -fid2 -ram -sharing on -ll 2000 -autosm  -D_MULTIPLE_FILE_COMPILATION_UNIT_  -lib work C:\lscc\radiant\2025.1\ip\pmi\pmi_iCE40UP.v -lib work -fsysv C:\Users\mayut\source\e155\e155-lab3-2\source\impl_1\debouncer.sv -lib work -fsysv C:\Users\mayut\source\e155\e155-lab3-2\source\impl_1\clk_gen.sv -lib work -fsysv C:\Users\mayut\source\e155\e155-lab3-2\source\impl_1\debouncer_timer.sv -lib work -fsysv C:\Users\mayut\source\e155\e155-lab3-2\source\impl_1\keypad.sv -lib work -fsysv C:\Users\mayut\source\e155\e155-lab3-2\source\impl_1\keypad_storage.sv -lib work -fsysv C:\Users\mayut\source\e155\e155-lab3-2\source\impl_1\lab3_mt.sv -lib work -fsysv C:\Users\mayut\source\e155\e155-lab3-2\source\impl_1\sev_seg.sv -lib work -fsysv C:\Users\mayut\source\e155\e155-lab3-2\source\impl_1\sev_seg_sel.sv -lib work -fsysv C:\Users\mayut\source\e155\e155-lab3-2\source\impl_1\synchronizer.sv  -jobname  "compiler" 
relcom:..\..\..\..\..\..\..\lscc\radiant\2025.1\synpbase\bin64\c_hdl.exe -osyn ..\synwork\test_impl_1_comp.srs -top lab3_mt -hdllog ..\synlog\test_impl_1_compiler.srr -encrypt -mp 4 -verification_mode 0 -vhdl -prodtype synplify_pro -primux -fixsmult -infer_seqShift -sdff_counter -nram -divnmod -nostructver -lattice -ice -encrypt -pro -dmgen ..\dm -lite -ui -fid2 -ram -sharing on -ll 2000 -autosm -work_is_curlib 0 -ignore_undefined_lib -lib pmi ..\..\..\..\..\..\..\lscc\radiant\2025.1\ip\pmi\pmi_iCE40UP.vhd -verilog -prodtype synplify_pro -primux -fixsmult -infer_seqShift -sdff_counter -nram -divnmod -nostructver -lattice -ice -I ..\..\..\e155-lab3-2 -I ..\ -I ..\..\..\..\..\..\..\lscc\radiant\2025.1\synpbase\lib -v2001 -devicelib ..\..\..\..\..\..\..\lscc\radiant\2025.1\synpbase\lib\generic\ice40up.v -encrypt -pro -dmgen ..\dm -ui -fid2 -ram -sharing on -ll 2000 -autosm -D_MULTIPLE_FILE_COMPILATION_UNIT_ -lib work ..\..\..\..\..\..\..\lscc\radiant\2025.1\ip\pmi\pmi_iCE40UP.v -lib work -fsysv ..\..\source\impl_1\debouncer.sv -lib work -fsysv ..\..\source\impl_1\clk_gen.sv -lib work -fsysv ..\..\source\impl_1\debouncer_timer.sv -lib work -fsysv ..\..\source\impl_1\keypad.sv -lib work -fsysv ..\..\source\impl_1\keypad_storage.sv -lib work -fsysv ..\..\source\impl_1\lab3_mt.sv -lib work -fsysv ..\..\source\impl_1\sev_seg.sv -lib work -fsysv ..\..\source\impl_1\sev_seg_sel.sv -lib work -fsysv ..\..\source\impl_1\synchronizer.sv -jobname "compiler"
rc:2 success:0 runtime:2
file:..\synwork\test_impl_1_comp.srs|io:o|time:0|size:-1|exec:0|csum:
file:..\synlog\test_impl_1_compiler.srr|io:o|time:1761548492|size:28389|exec:0|csum:
file:..\..\..\..\..\..\..\lscc\radiant\2025.1\ip\pmi\pmi_ice40up.vhd|io:i|time:1747719653|size:17231|exec:0|csum:B4484439D4F130E2494777ACC3084671
file:..\..\..\..\..\..\..\lscc\radiant\2025.1\synpbase\lib\generic\ice40up.v|io:i|time:1749733897|size:26462|exec:0|csum:72B2E46EE2EB03A1019CFFB44E4E2628
file:..\..\..\..\..\..\..\lscc\radiant\2025.1\ip\pmi\pmi_ice40up.v|io:i|time:1747719653|size:413|exec:0|csum:B58F1C803B5DCA172B31258BA35093C2
file:.\-fsysv|io:i|time:0|size:-1|exec:0|csum:
file:..\..\source\impl_1\debouncer.sv|io:i|time:1758748470|size:2459|exec:0|csum:D42EED48860A7AA66A6D40BB761A0ABE
file:.\-fsysv|io:i|time:0|size:-1|exec:0|csum:
file:..\..\source\impl_1\clk_gen.sv|io:i|time:1761548375|size:902|exec:0|csum:DFE0CC8BC9B404D93B0686A8B3E3BA9D
file:.\-fsysv|io:i|time:0|size:-1|exec:0|csum:
file:..\..\source\impl_1\debouncer_timer.sv|io:i|time:1758748470|size:797|exec:0|csum:8729527CA9466ED20432A793FF8172BF
file:.\-fsysv|io:i|time:0|size:-1|exec:0|csum:
file:..\..\source\impl_1\keypad.sv|io:i|time:1761548476|size:10648|exec:0|csum:53D718B3AAEFE0ACCAFB94C75DD5B667
file:.\-fsysv|io:i|time:0|size:-1|exec:0|csum:
file:..\..\source\impl_1\keypad_storage.sv|io:i|time:1758748470|size:865|exec:0|csum:BA6CD5B694B7757CCD79664CA625DECF
file:.\-fsysv|io:i|time:0|size:-1|exec:0|csum:
file:..\..\source\impl_1\lab3_mt.sv|io:i|time:1758748470|size:1064|exec:0|csum:7D1B5E52D12B430D61E325178F88AC10
file:.\-fsysv|io:i|time:0|size:-1|exec:0|csum:
file:..\..\source\impl_1\sev_seg.sv|io:i|time:1758748470|size:901|exec:0|csum:DD9041922E1169800C7859AABEF23E86
file:.\-fsysv|io:i|time:0|size:-1|exec:0|csum:
file:..\..\source\impl_1\sev_seg_sel.sv|io:i|time:1758748470|size:1186|exec:0|csum:2E2D227B622EF7151EC3C4A9ED28F8F6
file:.\-fsysv|io:i|time:0|size:-1|exec:0|csum:
file:..\..\source\impl_1\synchronizer.sv|io:i|time:1758748470|size:683|exec:0|csum:FB6ED785825B39D045087323BBDB3AC4
file:..\..\..\..\..\..\..\lscc\radiant\2025.1\synpbase\bin64\c_hdl.exe|io:i|time:1749742518|size:7676416|exec:1|csum:6A2C12F0938A32A40D5D0187DD68E750
