{
"Synplify Pro (R) Job Log" : {
	"Date" : "04:34:22    24-Sep-2025",
	"Working Directory" : "C:/Users/mtatsumi/my_designs/test/impl_1",
	"Install" : "C:/lscc/radiant/2024.2/synpbase"
},
"impl_1" :{
   "Job Flow" : "Sequential",
   "Start Time" : "04:34:15",
   "Runtime" : "07s",
   "Executable Run Time" : "06s",
   "synthesis" : {
      "Job Flow" : "Sequential",
      "Start Time" : "04:34:15",
      "Runtime" : "07s",
      "Executable Run Time" : "06s",
      "compile" : {
         "Job Flow" : "Sequential",
         "Start Time" : "04:34:15",
         "Runtime" : "05s",
         "Executable Run Time" : "04s",
         "compile_flow" : {
            "Job Flow" : "Sequential",
            "Start Time" : "04:34:15",
            "Runtime" : "04s",
            "Executable Run Time" : "03s",
            "compiler" : {
               "executable" : "bin64/c_hdl.exe",
               "Run Directory" : "C:/Users/mtatsumi/my_designs/test/impl_1",
               "Run State" : "Complete",
               "Return Code" : "0",
               "Has Errors" : "no",
               "Run Start Time" : "04:34:15",
               "Run Time" : "03s",
               "Exe Run Time" : "02s",
               "Memory Usage" : "-",
               "Up-to-date (run skipped)" : "no"
            },
            "multi_srs_gen" : {
               "executable" : "bin64/syn_nfilter.exe",
               "Run Directory" : "C:/Users/mtatsumi/my_designs/test/impl_1",
               "Run State" : "Complete",
               "Return Code" : "0",
               "Has Errors" : "no",
               "Run Start Time" : "04:34:18",
               "Run Time" : "01s",
               "Exe Run Time" : "01s",
               "Memory Usage" : "-",
               "Up-to-date (run skipped)" : "no"
            }
         },
         "premap" : {
            "executable" : "bin64/m_generic.exe",
            "Run Directory" : "C:/Users/mtatsumi/my_designs/test/impl_1",
            "Run State" : "Complete",
            "Return Code" : "1",
            "Has Errors" : "no",
            "Run Start Time" : "04:34:19",
            "Run Time" : "01s",
            "Exe Run Time" : "01s",
            "Memory Usage" : "-",
            "Up-to-date (run skipped)" : "no"
         }
      },
      "map" : {
         "Job Flow" : "Sequential",
         "Start Time" : "04:34:20",
         "Runtime" : "02s",
         "Executable Run Time" : "02s",
         "fpga_mapper" : {
            "executable" : "bin64/m_generic.exe",
            "Run Directory" : "C:/Users/mtatsumi/my_designs/test/impl_1",
            "Run State" : "Complete",
            "Return Code" : "1",
            "Has Errors" : "no",
            "Run Start Time" : "04:34:20",
            "Run Time" : "02s",
            "Exe Run Time" : "02s",
            "Memory Usage" : "-",
            "Up-to-date (run skipped)" : "no"
         }
      }
   }
}
}