INFO <35002000> - synthesis: Lattice Synthesis Engine launched.

Synthesis options:
The -a option is iCE40UP.
The -t option is SG48.
The -sp option is High-Performance_1.2V.
The -p option is iCE40UP5K.

###################### Device Information ######################
----------------------------------------------------------------
Lattice Family        | iCE40UP
----------------------------------------------------------------
Device                | iCE40UP5K
----------------------------------------------------------------
Package               | SG48
----------------------------------------------------------------
Performance Grade     | High-Performance_1.2V
----------------------------------------------------------------
################################################################

####################### Device Resources #######################
----------------------------------------------------------------
Logic Cells           | 5280
----------------------------------------------------------------
RAM Blocks            | 30
----------------------------------------------------------------
DSP Blocks            | 8
----------------------------------------------------------------
PLLs                  | 1
----------------------------------------------------------------
I/O Pins              | 56
----------------------------------------------------------------
################################################################

Resolving user-selected strategy settings...


###################### Strategy Settings #######################
----------------------------------------------------------------
Optimization Goal     | Area
----------------------------------------------------------------
Top-level Module Name | lab3_mt
----------------------------------------------------------------
Target Frequency      | 200.000 MHz
----------------------------------------------------------------
Maximum Fanout        | 1000
----------------------------------------------------------------
Timing Path Count     | 3
----------------------------------------------------------------
RAM Read/Write Check  | False
----------------------------------------------------------------
BRAM Utilization      | 100.0%
----------------------------------------------------------------
DSP Usage             | True
----------------------------------------------------------------
DSP Utilization       | 100.0%
----------------------------------------------------------------
FSM Encoding Style    | Auto
----------------------------------------------------------------
Resolve Mixed Drivers | False
----------------------------------------------------------------
Fix Gated Clocks      | True
----------------------------------------------------------------
Mux Style             | Auto
----------------------------------------------------------------
Use Carry Chain       | True
----------------------------------------------------------------
Carry Chain Length    | Infinite
----------------------------------------------------------------
Loop Limit            | 1950
----------------------------------------------------------------
Use I/O Insertion     | True
----------------------------------------------------------------
Use I/O Registers     | True
----------------------------------------------------------------
Resource Sharing      | True
----------------------------------------------------------------
Propagate Constants   | True
----------------------------------------------------------------
Remove Duplicate Reg  | True
----------------------------------------------------------------
Force GSR             | False
----------------------------------------------------------------
ROM Style             | Auto
----------------------------------------------------------------
RAM Style             | Auto
----------------------------------------------------------------
Remove LOC Properties | False
----------------------------------------------------------------
Partition Flow        | False
----------------------------------------------------------------
################################################################


The -comp option is TRUE.
The -syn option is FALSE.

Output HDL filename: test_impl_1.vm
-path C:/Users/mtatsumi/my_designs/test (searchpath added)
-path C:/Users/mtatsumi/my_designs/test/impl_1 (searchpath added)
-path C:/lscc/radiant/2024.2/ispfpga/ice40tp/data (searchpath added)
Mixed language design
Verilog design file: C:/lscc/radiant/2024.2/ip/pmi/pmi_iCE40UP.v
Verilog design file: C:/Users/mtatsumi/my_designs/test/source/impl_1/debouncer.sv
Verilog design file: C:/Users/mtatsumi/my_designs/test/source/impl_1/clk_gen.sv
Verilog design file: C:/Users/mtatsumi/my_designs/test/source/impl_1/debouncer_timer.sv
Verilog design file: C:/Users/mtatsumi/my_designs/test/source/impl_1/keypad.sv
Verilog design file: C:/Users/mtatsumi/my_designs/test/source/impl_1/keypad_storage.sv
Verilog design file: C:/Users/mtatsumi/my_designs/test/source/impl_1/lab3_mt.sv
Verilog design file: C:/Users/mtatsumi/my_designs/test/source/impl_1/sev_seg.sv
Verilog design file: C:/Users/mtatsumi/my_designs/test/source/impl_1/sev_seg_sel.sv
Verilog design file: C:/Users/mtatsumi/my_designs/test/source/impl_1/synchronizer.sv
VHDL library: pmi
VHDL design file: C:/lscc/radiant/2024.2/ip/pmi/pmi_iCE40UP.vhd
WARNING <35935050> - synthesis: input port TRIM9 is not connected on this instance. VDB-5050
WARNING <35935050> - synthesis: input port TRIM8 is not connected on this instance. VDB-5050
WARNING <35935050> - synthesis: input port TRIM7 is not connected on this instance. VDB-5050
WARNING <35935050> - synthesis: input port TRIM6 is not connected on this instance. VDB-5050
WARNING <35935050> - synthesis: input port TRIM5 is not connected on this instance. VDB-5050
WARNING <35935050> - synthesis: input port TRIM4 is not connected on this instance. VDB-5050
WARNING <35935050> - synthesis: input port TRIM3 is not connected on this instance. VDB-5050
WARNING <35935050> - synthesis: input port TRIM2 is not connected on this instance. VDB-5050
WARNING <35935050> - synthesis: input port TRIM1 is not connected on this instance. VDB-5050
WARNING <35935050> - synthesis: input port TRIM0 is not connected on this instance. VDB-5050
WARNING <35935050> - synthesis: input port I is not connected on this instance. VDB-5050

Compiling design...

Analyzing Verilog file c:/lscc/radiant/2024.2/ip/pmi/pmi_ice40up.v. VERI-1482
INFO <35901328> - synthesis: c:/lscc/radiant/2024.2/ip/pmi/pmi_ice40up.v(1): analyzing included file c:/lscc/radiant/2024.2/ip/pmi/pmi_addsub.v. VERI-1328
INFO <35901328> - synthesis: c:/lscc/radiant/2024.2/ip/pmi/pmi_addsub.v(40): analyzing included file c:/lscc/radiant/2024.2/ip/pmi/../common/adder_subtractor/rtl/lscc_add_sub.v. VERI-1328
INFO <35901328> - synthesis: c:/lscc/radiant/2024.2/ip/pmi/pmi_ice40up.v(2): analyzing included file c:/lscc/radiant/2024.2/ip/pmi/pmi_add.v. VERI-1328
INFO <35901328> - synthesis: c:/lscc/radiant/2024.2/ip/pmi/pmi_add.v(50): analyzing included file c:/lscc/radiant/2024.2/ip/pmi/../common/adder/rtl/lscc_adder.v. VERI-1328
INFO <35901328> - synthesis: c:/lscc/radiant/2024.2/ip/pmi/pmi_ice40up.v(3): analyzing included file c:/lscc/radiant/2024.2/ip/pmi/pmi_complex_mult.v. VERI-1328
INFO <35901328> - synthesis: c:/lscc/radiant/2024.2/ip/pmi/pmi_complex_mult.v(52): analyzing included file c:/lscc/radiant/2024.2/ip/pmi/../common/complex_mult/rtl/lscc_complex_mult.v. VERI-1328
INFO <35901328> - synthesis: c:/lscc/radiant/2024.2/ip/pmi/pmi_ice40up.v(4): analyzing included file c:/lscc/radiant/2024.2/ip/pmi/pmi_counter.v. VERI-1328
INFO <35901328> - synthesis: c:/lscc/radiant/2024.2/ip/pmi/pmi_counter.v(39): analyzing included file c:/lscc/radiant/2024.2/ip/pmi/../common/counter/rtl/lscc_cntr.v. VERI-1328
INFO <35901328> - synthesis: c:/lscc/radiant/2024.2/ip/pmi/pmi_ice40up.v(5): analyzing included file c:/lscc/radiant/2024.2/ip/pmi/pmi_fifo.v. VERI-1328
INFO <35901328> - synthesis: c:/lscc/radiant/2024.2/ip/pmi/pmi_fifo.v(44): analyzing included file c:/lscc/radiant/2024.2/ip/pmi/../common/fifo/rtl/lscc_fifo.v. VERI-1328
INFO <35901328> - synthesis: c:/lscc/radiant/2024.2/ip/pmi/pmi_ice40up.v(6): analyzing included file c:/lscc/radiant/2024.2/ip/pmi/pmi_fifo_dc.v. VERI-1328
INFO <35901328> - synthesis: c:/lscc/radiant/2024.2/ip/pmi/pmi_fifo_dc.v(47): analyzing included file c:/lscc/radiant/2024.2/ip/pmi/../common/fifo_dc/rtl/lscc_fifo_dc.v. VERI-1328
INFO <35901328> - synthesis: c:/lscc/radiant/2024.2/ip/pmi/pmi_ice40up.v(7): analyzing included file c:/lscc/radiant/2024.2/ip/pmi/pmi_mac.v. VERI-1328
INFO <35901328> - synthesis: c:/lscc/radiant/2024.2/ip/pmi/pmi_mac.v(52): analyzing included file c:/lscc/radiant/2024.2/ip/pmi/../common/mult_accumulate/rtl/lscc_mult_accumulate.v. VERI-1328
INFO <35901328> - synthesis: c:/lscc/radiant/2024.2/ip/pmi/pmi_ice40up.v(8): analyzing included file c:/lscc/radiant/2024.2/ip/pmi/pmi_multaddsubsum.v. VERI-1328
INFO <35901328> - synthesis: c:/lscc/radiant/2024.2/ip/pmi/pmi_multaddsubsum.v(53): analyzing included file c:/lscc/radiant/2024.2/ip/pmi/../common/mult_add_sub_sum/rtl/lscc_mult_add_sub_sum.v. VERI-1328
INFO <35901328> - synthesis: c:/lscc/radiant/2024.2/ip/pmi/pmi_ice40up.v(9): analyzing included file c:/lscc/radiant/2024.2/ip/pmi/pmi_multaddsub.v. VERI-1328
INFO <35901328> - synthesis: c:/lscc/radiant/2024.2/ip/pmi/pmi_multaddsub.v(52): analyzing included file c:/lscc/radiant/2024.2/ip/pmi/../common/mult_add_sub/rtl/lscc_mult_add_sub.v. VERI-1328
INFO <35901328> - synthesis: c:/lscc/radiant/2024.2/ip/pmi/pmi_ice40up.v(10): analyzing included file c:/lscc/radiant/2024.2/ip/pmi/pmi_mult.v. VERI-1328
INFO <35901328> - synthesis: c:/lscc/radiant/2024.2/ip/pmi/pmi_mult.v(51): analyzing included file c:/lscc/radiant/2024.2/ip/pmi/../common/multiplier/rtl/lscc_multiplier.v. VERI-1328
INFO <35901328> - synthesis: c:/lscc/radiant/2024.2/ip/pmi/pmi_ice40up.v(11): analyzing included file c:/lscc/radiant/2024.2/ip/pmi/pmi_ram_dp.v. VERI-1328
INFO <35901328> - synthesis: c:/lscc/radiant/2024.2/ip/pmi/pmi_ram_dp.v(48): analyzing included file c:/lscc/radiant/2024.2/ip/pmi/../common/ram_dp/rtl/lscc_ram_dp.v. VERI-1328
INFO <35901328> - synthesis: c:/lscc/radiant/2024.2/ip/pmi/pmi_ice40up.v(12): analyzing included file c:/lscc/radiant/2024.2/ip/pmi/pmi_ram_dq.v. VERI-1328
INFO <35901328> - synthesis: c:/lscc/radiant/2024.2/ip/pmi/pmi_ram_dq.v(45): analyzing included file c:/lscc/radiant/2024.2/ip/pmi/../common/ram_dq/rtl/lscc_ram_dq.v. VERI-1328
INFO <35901328> - synthesis: c:/lscc/radiant/2024.2/ip/pmi/pmi_ice40up.v(13): analyzing included file c:/lscc/radiant/2024.2/ip/pmi/pmi_rom.v. VERI-1328
INFO <35901328> - synthesis: c:/lscc/radiant/2024.2/ip/pmi/pmi_rom.v(45): analyzing included file c:/lscc/radiant/2024.2/ip/pmi/../common/rom/rtl/lscc_rom.v. VERI-1328
INFO <35901328> - synthesis: c:/lscc/radiant/2024.2/ip/pmi/pmi_ice40up.v(14): analyzing included file c:/lscc/radiant/2024.2/ip/pmi/pmi_sub.v. VERI-1328
INFO <35901328> - synthesis: c:/lscc/radiant/2024.2/ip/pmi/pmi_sub.v(50): analyzing included file c:/lscc/radiant/2024.2/ip/pmi/../common/subtractor/rtl/lscc_subtractor.v. VERI-1328
INFO <35901328> - synthesis: c:/lscc/radiant/2024.2/ip/pmi/pmi_ice40up.v(15): analyzing included file c:/lscc/radiant/2024.2/ip/pmi/pmi_ram_dp_be.v. VERI-1328
INFO <35901328> - synthesis: c:/lscc/radiant/2024.2/ip/pmi/pmi_ram_dp_be.v(49): analyzing included file c:/lscc/radiant/2024.2/ip/pmi/../common/ram_dp/rtl/lscc_ram_dp.v. VERI-1328
INFO <35901328> - synthesis: c:/lscc/radiant/2024.2/ip/pmi/pmi_ice40up.v(16): analyzing included file c:/lscc/radiant/2024.2/ip/pmi/pmi_ram_dq_be.v. VERI-1328
INFO <35901328> - synthesis: c:/lscc/radiant/2024.2/ip/pmi/pmi_ram_dq_be.v(45): analyzing included file c:/lscc/radiant/2024.2/ip/pmi/../common/ram_dq/rtl/lscc_ram_dq.v. VERI-1328
INFO <35901328> - synthesis: c:/lscc/radiant/2024.2/ip/pmi/pmi_ice40up.v(17): analyzing included file c:/lscc/radiant/2024.2/ip/pmi/pmi_dsp.v. VERI-1328
Analyzing Verilog file c:/users/mtatsumi/my_designs/test/source/impl_1/debouncer.sv. VERI-1482
Analyzing Verilog file c:/users/mtatsumi/my_designs/test/source/impl_1/clk_gen.sv. VERI-1482
Analyzing Verilog file c:/users/mtatsumi/my_designs/test/source/impl_1/debouncer_timer.sv. VERI-1482
Analyzing Verilog file c:/users/mtatsumi/my_designs/test/source/impl_1/keypad.sv. VERI-1482
Analyzing Verilog file c:/users/mtatsumi/my_designs/test/source/impl_1/keypad_storage.sv. VERI-1482
Analyzing Verilog file c:/users/mtatsumi/my_designs/test/source/impl_1/lab3_mt.sv. VERI-1482
Analyzing Verilog file c:/users/mtatsumi/my_designs/test/source/impl_1/sev_seg.sv. VERI-1482
Analyzing Verilog file c:/users/mtatsumi/my_designs/test/source/impl_1/sev_seg_sel.sv. VERI-1482
Analyzing Verilog file c:/users/mtatsumi/my_designs/test/source/impl_1/synchronizer.sv. VERI-1482
Analyzing VHDL file c:/lscc/radiant/2024.2/ip/pmi/pmi_ice40up.vhd. VHDL-1481
Analyzing VHDL file c:/lscc/radiant/2024.2/ip/pmi/pmi_ice40up.vhd

INFO <35921014> - synthesis: c:/lscc/radiant/2024.2/ip/pmi/pmi_ice40up.vhd(4): analyzing package components. VHDL-1014
INFO <35921504> - synthesis: The default VHDL library search path is now "C:/Users/mtatsumi/my_designs/test/impl_1". VHDL-1504
Top module language type = Verilog.
Top module name (Verilog, mixed language): lab3_mt
INFO <35901018> - synthesis: c:/users/mtatsumi/my_designs/test/source/impl_1/lab3_mt.sv(8): compiling module lab3_mt. VERI-1018
INFO <35901018> - synthesis: c:/users/mtatsumi/my_designs/test/source/impl_1/clk_gen.sv(10): compiling module clk_gen. VERI-1018
INFO <35901018> - synthesis: C:/lscc/radiant/2024.2/ispfpga/../cae_library/synthesis/verilog/iCE40UP.v(756): compiling module HSOSC. VERI-1018
INFO <35901018> - synthesis: c:/users/mtatsumi/my_designs/test/source/impl_1/synchronizer.sv(9): compiling module synchronizer. VERI-1018
INFO <35901018> - synthesis: c:/users/mtatsumi/my_designs/test/source/impl_1/keypad.sv(12): compiling module keypad. VERI-1018
INFO <35901018> - synthesis: c:/users/mtatsumi/my_designs/test/source/impl_1/debouncer_timer.sv(8): compiling module debouncer_timer. VERI-1018
INFO <35901018> - synthesis: c:/users/mtatsumi/my_designs/test/source/impl_1/debouncer.sv(10): compiling module debouncer. VERI-1018
INFO <35901018> - synthesis: c:/users/mtatsumi/my_designs/test/source/impl_1/keypad_storage.sv(9): compiling module keypad_storage. VERI-1018
INFO <35901018> - synthesis: c:/users/mtatsumi/my_designs/test/source/impl_1/sev_seg_sel.sv(14): compiling module sev_seg_sel. VERI-1018
INFO <35901018> - synthesis: c:/users/mtatsumi/my_designs/test/source/impl_1/sev_seg.sv(10): compiling module sev_seg. VERI-1018
WARNING <35931002> - synthesis: c:/users/mtatsumi/my_designs/test/source/impl_1/lab3_mt.sv(16): net clk does not have a driver. VDB-1002
LSE: Compile Design done

